<?xml version="1.0" encoding="UTF-8"?>
<!-- Generated by org.testng.reporters.JUnitReportReporter -->
<testsuite hostname="LAPTOP-3J09PEL2" failures="0" tests="3" name="Tests.AzureSampleTest" time="24.556" errors="0" timestamp="2023-09-23T19:53:37 IST" skipped="0">
  <testcase classname="Tests.AzureSampleTest" name="urLValidation" time="8.939"/>
  <system-out/>
  <testcase classname="Tests.AzureSampleTest" name="titleValidation" time="6.825"/>
  <system-out/>
  <testcase classname="Tests.AzureSampleTest" name="contentValidation" time="8.792"/>
  <system-out/>
</testsuite> <!-- Tests.AzureSampleTest -->
