<?xml version="1.0" encoding="UTF-8"?>
<!-- Generated by org.testng.reporters.JUnitReportReporter -->
<testsuite hostname="LAPTOP-3J09PEL2" failures="0" tests="3" name="Tests.FaceBookLogin" time="19.200" errors="0" timestamp="2023-09-23T19:49:30 IST" skipped="0">
  <testcase classname="Tests.FaceBookLogin" name="urLValidation" time="6.792"/>
  <system-out/>
  <testcase classname="Tests.FaceBookLogin" name="contentValidation" time="5.667"/>
  <system-out/>
  <testcase classname="Tests.FaceBookLogin" name="titleValidation" time="6.741"/>
  <system-out/>
</testsuite> <!-- Tests.FaceBookLogin -->
