<?xml version="1.0" encoding="UTF-8"?>
<!-- Generated by org.testng.reporters.JUnitReportReporter -->
<testsuite hostname="LAPTOP-3J09PEL2" failures="0" tests="3" name="Tests.AzureSampleTest" time="1.166" errors="0" timestamp="2023-09-25T00:02:26 IST" skipped="1">
  <testcase classname="Tests.AzureSampleTest" name="urLValidation" time="1.155"/>
  <system-out/>
  <testcase classname="Tests.AzureSampleTest" name="titleValidation" time="0.011"/>
  <system-out/>
  <testcase classname="Tests.AzureSampleTest" name="contentValidation">
    <skipped/>
  </testcase> <!-- contentValidation -->
  <system-out/>
</testsuite> <!-- Tests.AzureSampleTest -->
